<?xml version="1.0" encoding="UTF-8"?>
<!-- Generated by org.testng.reporters.JUnitXMLReporter -->
<testsuite ignored="0" hostname="LAPTOP-9U4PBHD6" failures="0" tests="2" name="Default test" time="35.006" errors="0" timestamp="2023-06-05T15:54:34 IST">
  <testcase classname="Test_scenerios.GoogleSearch_testcase" name="SearchAndClickOn_FB" time="9.54"/>
  <testcase classname="Test_scenerios.GoogleSearch_testcase" name="verifyLoginFunctionality" time="7.705"/>
</testsuite> <!-- Default test -->
