<?xml version="1.0" encoding="UTF-8"?>
<testng-results ignored="0" total="2" passed="2" failed="0" skipped="0">
  <reporter-output>
  </reporter-output>
  <suite started-at="2023-06-05T15:53:59 IST" name="Default suite" finished-at="2023-06-05T15:54:34 IST" duration-ms="35006">
    <groups>
    </groups>
    <test started-at="2023-06-05T15:53:59 IST" name="Default test" finished-at="2023-06-05T15:54:34 IST" duration-ms="35006">
      <class name="Test_scenerios.GoogleSearch_testcase">
        <test-method is-config="true" signature="beforetest()[pri:0, instance:Test_scenerios.GoogleSearch_testcase@1a482e36]" started-at="2023-06-05T15:53:59 IST" name="beforetest" finished-at="2023-06-05T15:54:17 IST" duration-ms="17726" status="PASS">
          <reporter-output>
          </reporter-output>
        </test-method> <!-- beforetest -->
        <test-method signature="SearchAndClickOn_FB()[pri:0, instance:Test_scenerios.GoogleSearch_testcase@1a482e36]" started-at="2023-06-05T15:54:17 IST" name="SearchAndClickOn_FB" finished-at="2023-06-05T15:54:26 IST" duration-ms="9540" status="PASS">
          <reporter-output>
          </reporter-output>
        </test-method> <!-- SearchAndClickOn_FB -->
        <test-method signature="verifyLoginFunctionality()[pri:0, instance:Test_scenerios.GoogleSearch_testcase@1a482e36]" started-at="2023-06-05T15:54:26 IST" name="verifyLoginFunctionality" finished-at="2023-06-05T15:54:34 IST" duration-ms="7705" status="PASS">
          <reporter-output>
          </reporter-output>
        </test-method> <!-- verifyLoginFunctionality -->
      </class> <!-- Test_scenerios.GoogleSearch_testcase -->
    </test> <!-- Default test -->
  </suite> <!-- Default suite -->
</testng-results>
